<?xml version="1.0" encoding="UTF-8"?>
<testsuites>
<testsuite timestamp="2026-04-18T15:33:58" hostname="teferi.ethz.ch" package="upload_pkt_mux_formal" id="0" name="cover" tests="31" errors="0" failures="0" time="0" skipped="25">
<properties>
<property name="os" value="Linux"/>
<property name="expect" value="PASS"/>
<property name="status" value="PASS"/>
</properties>
<testcase classname="cover" name="build execution" time="0">
</testcase>
<testcase classname="cover" name="Property ASSERT in upload_pkt_mux_formal_tb at upload_pkt_mux_formal_tb.sv:253.17-253.34" time="0" type="ASSERT" location="upload_pkt_mux_formal_tb.sv:253.17-253.34" id="_witness_.check_assert_upload_pkt_mux_formal_tb_sv_253_131">
<skipped />
</testcase>
<testcase classname="cover" name="Property ASSERT in upload_pkt_mux_formal_tb at upload_pkt_mux_formal_tb.sv:254.17-254.50" time="0" type="ASSERT" location="upload_pkt_mux_formal_tb.sv:254.17-254.50" id="_witness_.check_assert_upload_pkt_mux_formal_tb_sv_254_132">
<skipped />
</testcase>
<testcase classname="cover" name="Property ASSERT in upload_pkt_mux_formal_tb at upload_pkt_mux_formal_tb.sv:255.17-255.56" time="0" type="ASSERT" location="upload_pkt_mux_formal_tb.sv:255.17-255.56" id="_witness_.check_assert_upload_pkt_mux_formal_tb_sv_255_134">
<skipped />
</testcase>
<testcase classname="cover" name="Property ASSERT in upload_pkt_mux_formal_tb at upload_pkt_mux_formal_tb.sv:256.17-256.58" time="0" type="ASSERT" location="upload_pkt_mux_formal_tb.sv:256.17-256.58" id="_witness_.check_assert_upload_pkt_mux_formal_tb_sv_256_136">
<skipped />
</testcase>
<testcase classname="cover" name="Property ASSERT in upload_pkt_mux_formal_tb at upload_pkt_mux_formal_tb.sv:257.17-257.56" time="0" type="ASSERT" location="upload_pkt_mux_formal_tb.sv:257.17-257.56" id="_witness_.check_assert_upload_pkt_mux_formal_tb_sv_257_138">
<skipped />
</testcase>
<testcase classname="cover" name="Property ASSERT in upload_pkt_mux_formal_tb at upload_pkt_mux_formal_tb.sv:261.17-261.45" time="0" type="ASSERT" location="upload_pkt_mux_formal_tb.sv:261.17-261.45" id="_witness_.check_assert_upload_pkt_mux_formal_tb_sv_261_140">
<skipped />
</testcase>
<testcase classname="cover" name="Property ASSERT in upload_pkt_mux_formal_tb at upload_pkt_mux_formal_tb.sv:265.17-265.53" time="0" type="ASSERT" location="upload_pkt_mux_formal_tb.sv:265.17-265.53" id="_witness_.check_assert_upload_pkt_mux_formal_tb_sv_265_143">
<skipped />
</testcase>
<testcase classname="cover" name="Property ASSERT in upload_pkt_mux_formal_tb at upload_pkt_mux_formal_tb.sv:266.17-266.43" time="0" type="ASSERT" location="upload_pkt_mux_formal_tb.sv:266.17-266.43" id="_witness_.check_assert_upload_pkt_mux_formal_tb_sv_266_145">
<skipped />
</testcase>
<testcase classname="cover" name="Property ASSERT in upload_pkt_mux_formal_tb at upload_pkt_mux_formal_tb.sv:272.25-272.55" time="0" type="ASSERT" location="upload_pkt_mux_formal_tb.sv:272.25-272.55" id="_witness_.check_assert_upload_pkt_mux_formal_tb_sv_272_159">
<skipped />
</testcase>
<testcase classname="cover" name="Property ASSERT in upload_pkt_mux_formal_tb at upload_pkt_mux_formal_tb.sv:273.25-273.78" time="0" type="ASSERT" location="upload_pkt_mux_formal_tb.sv:273.25-273.78" id="_witness_.check_assert_upload_pkt_mux_formal_tb_sv_273_163">
<skipped />
</testcase>
<testcase classname="cover" name="Property ASSERT in upload_pkt_mux_formal_tb at upload_pkt_mux_formal_tb.sv:274.25-274.74" time="0" type="ASSERT" location="upload_pkt_mux_formal_tb.sv:274.25-274.74" id="_witness_.check_assert_upload_pkt_mux_formal_tb_sv_274_165">
<skipped />
</testcase>
<testcase classname="cover" name="Property ASSERT in upload_pkt_mux_formal_tb at upload_pkt_mux_formal_tb.sv:275.25-275.84" time="0" type="ASSERT" location="upload_pkt_mux_formal_tb.sv:275.25-275.84" id="_witness_.check_assert_upload_pkt_mux_formal_tb_sv_275_168">
<skipped />
</testcase>
<testcase classname="cover" name="Property ASSERT in upload_pkt_mux_formal_tb at upload_pkt_mux_formal_tb.sv:279.25-279.55" time="0" type="ASSERT" location="upload_pkt_mux_formal_tb.sv:279.25-279.55" id="_witness_.check_assert_upload_pkt_mux_formal_tb_sv_279_174">
<skipped />
</testcase>
<testcase classname="cover" name="Property ASSERT in upload_pkt_mux_formal_tb at upload_pkt_mux_formal_tb.sv:280.25-280.78" time="0" type="ASSERT" location="upload_pkt_mux_formal_tb.sv:280.25-280.78" id="_witness_.check_assert_upload_pkt_mux_formal_tb_sv_280_178">
<skipped />
</testcase>
<testcase classname="cover" name="Property ASSERT in upload_pkt_mux_formal_tb at upload_pkt_mux_formal_tb.sv:281.25-281.74" time="0" type="ASSERT" location="upload_pkt_mux_formal_tb.sv:281.25-281.74" id="_witness_.check_assert_upload_pkt_mux_formal_tb_sv_281_180">
<skipped />
</testcase>
<testcase classname="cover" name="Property ASSERT in upload_pkt_mux_formal_tb at upload_pkt_mux_formal_tb.sv:282.25-282.84" time="0" type="ASSERT" location="upload_pkt_mux_formal_tb.sv:282.25-282.84" id="_witness_.check_assert_upload_pkt_mux_formal_tb_sv_282_183">
<skipped />
</testcase>
<testcase classname="cover" name="Property ASSERT in upload_pkt_mux_formal_tb at upload_pkt_mux_formal_tb.sv:286.25-286.55" time="0" type="ASSERT" location="upload_pkt_mux_formal_tb.sv:286.25-286.55" id="_witness_.check_assert_upload_pkt_mux_formal_tb_sv_286_189">
<skipped />
</testcase>
<testcase classname="cover" name="Property ASSERT in upload_pkt_mux_formal_tb at upload_pkt_mux_formal_tb.sv:287.25-287.78" time="0" type="ASSERT" location="upload_pkt_mux_formal_tb.sv:287.25-287.78" id="_witness_.check_assert_upload_pkt_mux_formal_tb_sv_287_193">
<skipped />
</testcase>
<testcase classname="cover" name="Property ASSERT in upload_pkt_mux_formal_tb at upload_pkt_mux_formal_tb.sv:288.25-288.74" time="0" type="ASSERT" location="upload_pkt_mux_formal_tb.sv:288.25-288.74" id="_witness_.check_assert_upload_pkt_mux_formal_tb_sv_288_195">
<skipped />
</testcase>
<testcase classname="cover" name="Property ASSERT in upload_pkt_mux_formal_tb at upload_pkt_mux_formal_tb.sv:289.25-289.84" time="0" type="ASSERT" location="upload_pkt_mux_formal_tb.sv:289.25-289.84" id="_witness_.check_assert_upload_pkt_mux_formal_tb_sv_289_198">
<skipped />
</testcase>
<testcase classname="cover" name="Property ASSERT in upload_pkt_mux_formal_tb at upload_pkt_mux_formal_tb.sv:292.30-292.42" time="0" type="ASSERT" location="upload_pkt_mux_formal_tb.sv:292.30-292.42" id="_witness_.check_assert_upload_pkt_mux_formal_tb_sv_292_204">
<skipped />
</testcase>
<testcase classname="cover" name="Property ASSERT in upload_pkt_mux_formal_tb at upload_pkt_mux_formal_tb.sv:296.21-296.47" time="0" type="ASSERT" location="upload_pkt_mux_formal_tb.sv:296.21-296.47" id="_witness_.check_assert_upload_pkt_mux_formal_tb_sv_296_205">
<skipped />
</testcase>
<testcase classname="cover" name="Property ASSERT in upload_pkt_mux_formal_tb at upload_pkt_mux_formal_tb.sv:322.21-322.50" time="0" type="ASSERT" location="upload_pkt_mux_formal_tb.sv:322.21-322.50" id="_witness_.check_assert_upload_pkt_mux_formal_tb_sv_322_223">
<skipped />
</testcase>
<testcase classname="cover" name="Property ASSERT in upload_pkt_mux_formal_tb at upload_pkt_mux_formal_tb.sv:331.21-331.50" time="0" type="ASSERT" location="upload_pkt_mux_formal_tb.sv:331.21-331.50" id="_witness_.check_assert_upload_pkt_mux_formal_tb_sv_331_228">
<skipped />
</testcase>
<testcase classname="cover" name="Property ASSERT in upload_pkt_mux_formal_tb at upload_pkt_mux_formal_tb.sv:340.21-340.50" time="0" type="ASSERT" location="upload_pkt_mux_formal_tb.sv:340.21-340.50" id="_witness_.check_assert_upload_pkt_mux_formal_tb_sv_340_233">
<skipped />
</testcase>
<testcase classname="cover" name="Property COVER in upload_pkt_mux_formal_tb at upload_pkt_mux_formal_tb.sv:345.13-345.53" time="0" type="COVER" location="upload_pkt_mux_formal_tb.sv:345.13-345.53" id="_witness_.check_cover_upload_pkt_mux_formal_tb_sv_345_236" tracefile="engine_0/trace1.vcd">
</testcase>
<testcase classname="cover" name="Property COVER in upload_pkt_mux_formal_tb at upload_pkt_mux_formal_tb.sv:346.13-346.53" time="0" type="COVER" location="upload_pkt_mux_formal_tb.sv:346.13-346.53" id="_witness_.check_cover_upload_pkt_mux_formal_tb_sv_346_239" tracefile="engine_0/trace4.vcd">
</testcase>
<testcase classname="cover" name="Property COVER in upload_pkt_mux_formal_tb at upload_pkt_mux_formal_tb.sv:347.13-347.53" time="0" type="COVER" location="upload_pkt_mux_formal_tb.sv:347.13-347.53" id="_witness_.check_cover_upload_pkt_mux_formal_tb_sv_347_242" tracefile="engine_0/trace2.vcd">
</testcase>
<testcase classname="cover" name="Property COVER in upload_pkt_mux_formal_tb at upload_pkt_mux_formal_tb.sv:348.13-348.61" time="0" type="COVER" location="upload_pkt_mux_formal_tb.sv:348.13-348.61" id="_witness_.check_cover_upload_pkt_mux_formal_tb_sv_348_245" tracefile="engine_0/trace0.vcd">
</testcase>
<testcase classname="cover" name="Property COVER in upload_pkt_mux_formal_tb at upload_pkt_mux_formal_tb.sv:349.13-349.64" time="0" type="COVER" location="upload_pkt_mux_formal_tb.sv:349.13-349.64" id="_witness_.check_cover_upload_pkt_mux_formal_tb_sv_349_248" tracefile="engine_0/trace3.vcd">
</testcase>
<testcase classname="cover" name="Property COVER in upload_pkt_mux_formal_tb at upload_pkt_mux_formal_tb.sv:350.13-350.112" time="0" type="COVER" location="upload_pkt_mux_formal_tb.sv:350.13-350.112" id="_witness_.check_cover_upload_pkt_mux_formal_tb_sv_350_252" tracefile="engine_0/trace5.vcd">
</testcase>
<system-out>SBY 15:33:58 [upload_pkt_mux_formal_cover] Removing directory '/home/yifeng/packages/mu3e_ip_dev/mu3e-ip-cores/firmware_builds/tb_int/INT_fe_scifi_v3-2026-04-17/formal/rc/upload_pkt_mux_formal_cover'.
SBY 15:33:58 [upload_pkt_mux_formal_cover] Copy '/home/yifeng/packages/mu3e_ip_dev/mu3e-ip-cores/firmware_builds/tb_int/INT_fe_scifi_v3-2026-04-17/formal/rc/../common/formal_defs.svh' to '/home/yifeng/packages/mu3e_ip_dev/mu3e-ip-cores/firmware_builds/tb_int/INT_fe_scifi_v3-2026-04-17/formal/rc/upload_pkt_mux_formal_cover/src/formal_defs.svh'.
SBY 15:33:58 [upload_pkt_mux_formal_cover] Copy '/home/yifeng/packages/mu3e_ip_dev/mu3e-ip-cores/firmware_builds/upload_system_v3/synthesis/submodules/upload_system_v3_upload_pkt_mux.sv' to '/home/yifeng/packages/mu3e_ip_dev/mu3e-ip-cores/firmware_builds/tb_int/INT_fe_scifi_v3-2026-04-17/formal/rc/upload_pkt_mux_formal_cover/src/upload_system_v3_upload_pkt_mux.sv'.
SBY 15:33:58 [upload_pkt_mux_formal_cover] Copy '/home/yifeng/packages/mu3e_ip_dev/mu3e-ip-cores/firmware_builds/tb_int/INT_fe_scifi_v3-2026-04-17/formal/rc/upload_pkt_mux_formal_tb.sv' to '/home/yifeng/packages/mu3e_ip_dev/mu3e-ip-cores/firmware_builds/tb_int/INT_fe_scifi_v3-2026-04-17/formal/rc/upload_pkt_mux_formal_cover/src/upload_pkt_mux_formal_tb.sv'.
SBY 15:33:58 [upload_pkt_mux_formal_cover] engine_0: smtbmc z3
SBY 15:33:58 [upload_pkt_mux_formal_cover] base: starting process &quot;cd upload_pkt_mux_formal_cover/src; yosys -ql ../model/design.log ../model/design.ys&quot;
SBY 15:33:58 [upload_pkt_mux_formal_cover] base: Warning: Wire upload_pkt_mux_formal_tb.\gclk is used but has no driver.
SBY 15:33:58 [upload_pkt_mux_formal_cover] base: finished (returncode=0)
SBY 15:33:58 [upload_pkt_mux_formal_cover] prep: starting process &quot;cd upload_pkt_mux_formal_cover/model; yosys -ql design_prep.log design_prep.ys&quot;
SBY 15:33:58 [upload_pkt_mux_formal_cover] prep: Warning: Wire upload_pkt_mux_formal_tb.\gclk is used but has no driver.
SBY 15:33:58 [upload_pkt_mux_formal_cover] prep: finished (returncode=0)
SBY 15:33:58 [upload_pkt_mux_formal_cover] smt2: starting process &quot;cd upload_pkt_mux_formal_cover/model; yosys -ql design_smt2.log design_smt2.ys&quot;
SBY 15:33:58 [upload_pkt_mux_formal_cover] smt2: finished (returncode=0)
SBY 15:33:58 [upload_pkt_mux_formal_cover] engine_0: starting process &quot;cd upload_pkt_mux_formal_cover; yosys-smtbmc -s z3 --presat -c --noprogress -t 32  --append 0 --dump-vcd engine_0/trace%.vcd --dump-yw engine_0/trace%.yw --dump-vlogtb engine_0/trace%_tb.v --dump-smtc engine_0/trace%.smtc model/design_smt2.smt2&quot;
SBY 15:33:58 [upload_pkt_mux_formal_cover] engine_0: ##   0:00:00  Solver: z3
SBY 15:33:58 [upload_pkt_mux_formal_cover] engine_0: ##   0:00:00  Checking cover reachability in step 0..
SBY 15:33:58 [upload_pkt_mux_formal_cover] engine_0: ##   0:00:00  Checking cover reachability in step 1..
SBY 15:33:58 [upload_pkt_mux_formal_cover] engine_0: ##   0:00:00  Checking cover reachability in step 2..
SBY 15:33:58 [upload_pkt_mux_formal_cover] engine_0: ##   0:00:00  Checking cover reachability in step 3..
SBY 15:33:58 [upload_pkt_mux_formal_cover] engine_0: ##   0:00:00  Reached cover statement in step 3 at upload_pkt_mux_formal_tb: upload_pkt_mux_formal_tb.sv:348.13-348.61 (_witness_.check_cover_upload_pkt_mux_formal_tb_sv_348_245)
SBY 15:33:58 [upload_pkt_mux_formal_cover] engine_0: ##   0:00:00  Writing trace to VCD file: engine_0/trace0.vcd
SBY 15:33:58 [upload_pkt_mux_formal_cover] engine_0: ##   0:00:00  Writing trace to Verilog testbench: engine_0/trace0_tb.v
SBY 15:33:58 [upload_pkt_mux_formal_cover] engine_0: ##   0:00:00  Writing trace to constraints file: engine_0/trace0.smtc
SBY 15:33:58 [upload_pkt_mux_formal_cover] engine_0: ##   0:00:00  Writing trace to Yosys witness file: engine_0/trace0.yw
SBY 15:33:58 [upload_pkt_mux_formal_cover] engine_0: ##   0:00:00  Checking cover reachability in step 3..
SBY 15:33:58 [upload_pkt_mux_formal_cover] engine_0: ##   0:00:00  Checking cover reachability in step 4..
SBY 15:33:58 [upload_pkt_mux_formal_cover] engine_0: ##   0:00:00  Reached cover statement in step 4 at upload_pkt_mux_formal_tb: upload_pkt_mux_formal_tb.sv:345.13-345.53 (_witness_.check_cover_upload_pkt_mux_formal_tb_sv_345_236)
SBY 15:33:58 [upload_pkt_mux_formal_cover] engine_0: ##   0:00:00  Writing trace to VCD file: engine_0/trace1.vcd
SBY 15:33:58 [upload_pkt_mux_formal_cover] engine_0: ##   0:00:00  Writing trace to Verilog testbench: engine_0/trace1_tb.v
SBY 15:33:58 [upload_pkt_mux_formal_cover] engine_0: ##   0:00:00  Writing trace to constraints file: engine_0/trace1.smtc
SBY 15:33:58 [upload_pkt_mux_formal_cover] engine_0: ##   0:00:00  Writing trace to Yosys witness file: engine_0/trace1.yw
SBY 15:33:58 [upload_pkt_mux_formal_cover] engine_0: ##   0:00:00  Checking cover reachability in step 4..
SBY 15:33:58 [upload_pkt_mux_formal_cover] engine_0: ##   0:00:00  Checking cover reachability in step 5..
SBY 15:33:58 [upload_pkt_mux_formal_cover] engine_0: ##   0:00:00  Reached cover statement in step 5 at upload_pkt_mux_formal_tb: upload_pkt_mux_formal_tb.sv:347.13-347.53 (_witness_.check_cover_upload_pkt_mux_formal_tb_sv_347_242)
SBY 15:33:58 [upload_pkt_mux_formal_cover] engine_0: ##   0:00:00  Writing trace to VCD file: engine_0/trace2.vcd
SBY 15:33:58 [upload_pkt_mux_formal_cover] engine_0: ##   0:00:00  Writing trace to Verilog testbench: engine_0/trace2_tb.v
SBY 15:33:58 [upload_pkt_mux_formal_cover] engine_0: ##   0:00:00  Writing trace to constraints file: engine_0/trace2.smtc
SBY 15:33:58 [upload_pkt_mux_formal_cover] engine_0: ##   0:00:00  Writing trace to Yosys witness file: engine_0/trace2.yw
SBY 15:33:58 [upload_pkt_mux_formal_cover] engine_0: ##   0:00:00  Checking cover reachability in step 5..
SBY 15:33:58 [upload_pkt_mux_formal_cover] engine_0: ##   0:00:00  Reached cover statement in step 5 at upload_pkt_mux_formal_tb: upload_pkt_mux_formal_tb.sv:349.13-349.64 (_witness_.check_cover_upload_pkt_mux_formal_tb_sv_349_248)
SBY 15:33:58 [upload_pkt_mux_formal_cover] engine_0: ##   0:00:00  Writing trace to VCD file: engine_0/trace3.vcd
SBY 15:33:58 [upload_pkt_mux_formal_cover] engine_0: ##   0:00:00  Writing trace to Verilog testbench: engine_0/trace3_tb.v
SBY 15:33:58 [upload_pkt_mux_formal_cover] engine_0: ##   0:00:00  Writing trace to constraints file: engine_0/trace3.smtc
SBY 15:33:58 [upload_pkt_mux_formal_cover] engine_0: ##   0:00:00  Writing trace to Yosys witness file: engine_0/trace3.yw
SBY 15:33:58 [upload_pkt_mux_formal_cover] engine_0: ##   0:00:00  Checking cover reachability in step 5..
SBY 15:33:58 [upload_pkt_mux_formal_cover] engine_0: ##   0:00:00  Reached cover statement in step 5 at upload_pkt_mux_formal_tb: upload_pkt_mux_formal_tb.sv:346.13-346.53 (_witness_.check_cover_upload_pkt_mux_formal_tb_sv_346_239)
SBY 15:33:58 [upload_pkt_mux_formal_cover] engine_0: ##   0:00:00  Writing trace to VCD file: engine_0/trace4.vcd
SBY 15:33:58 [upload_pkt_mux_formal_cover] engine_0: ##   0:00:00  Writing trace to Verilog testbench: engine_0/trace4_tb.v
SBY 15:33:58 [upload_pkt_mux_formal_cover] engine_0: ##   0:00:00  Writing trace to constraints file: engine_0/trace4.smtc
SBY 15:33:58 [upload_pkt_mux_formal_cover] engine_0: ##   0:00:00  Writing trace to Yosys witness file: engine_0/trace4.yw
SBY 15:33:58 [upload_pkt_mux_formal_cover] engine_0: ##   0:00:00  Checking cover reachability in step 5..
SBY 15:33:58 [upload_pkt_mux_formal_cover] engine_0: ##   0:00:00  Checking cover reachability in step 6..
SBY 15:33:58 [upload_pkt_mux_formal_cover] engine_0: ##   0:00:00  Checking cover reachability in step 7..
SBY 15:33:58 [upload_pkt_mux_formal_cover] engine_0: ##   0:00:00  Reached cover statement in step 7 at upload_pkt_mux_formal_tb: upload_pkt_mux_formal_tb.sv:350.13-350.112 (_witness_.check_cover_upload_pkt_mux_formal_tb_sv_350_252)
SBY 15:33:58 [upload_pkt_mux_formal_cover] engine_0: ##   0:00:00  Writing trace to VCD file: engine_0/trace5.vcd
SBY 15:33:58 [upload_pkt_mux_formal_cover] engine_0: ##   0:00:00  Writing trace to Verilog testbench: engine_0/trace5_tb.v
SBY 15:33:58 [upload_pkt_mux_formal_cover] engine_0: ##   0:00:00  Writing trace to constraints file: engine_0/trace5.smtc
SBY 15:33:58 [upload_pkt_mux_formal_cover] engine_0: ##   0:00:00  Writing trace to Yosys witness file: engine_0/trace5.yw
SBY 15:33:58 [upload_pkt_mux_formal_cover] engine_0: ##   0:00:00  Status: passed
SBY 15:33:58 [upload_pkt_mux_formal_cover] engine_0: finished (returncode=0)
SBY 15:33:58 [upload_pkt_mux_formal_cover] engine_0: Status returned by engine: pass
SBY 15:33:58 [upload_pkt_mux_formal_cover] summary: Elapsed clock time [H:MM:SS (secs)]: 0:00:00 (0)
SBY 15:33:58 [upload_pkt_mux_formal_cover] summary: Elapsed process time [H:MM:SS (secs)]: 0:00:00 (0)
SBY 15:33:58 [upload_pkt_mux_formal_cover] summary: engine_0 (smtbmc z3) returned pass
SBY 15:33:58 [upload_pkt_mux_formal_cover] summary: cover trace: upload_pkt_mux_formal_cover/engine_0/trace0.vcd
SBY 15:33:58 [upload_pkt_mux_formal_cover] summary:   reached cover statement upload_pkt_mux_formal_tb._witness_.check_cover_upload_pkt_mux_formal_tb_sv_348_245 at upload_pkt_mux_formal_tb.sv:348.13-348.61 step 3
SBY 15:33:58 [upload_pkt_mux_formal_cover] summary: cover trace: upload_pkt_mux_formal_cover/engine_0/trace1.vcd
SBY 15:33:58 [upload_pkt_mux_formal_cover] summary:   reached cover statement upload_pkt_mux_formal_tb._witness_.check_cover_upload_pkt_mux_formal_tb_sv_345_236 at upload_pkt_mux_formal_tb.sv:345.13-345.53 step 4
SBY 15:33:58 [upload_pkt_mux_formal_cover] summary: cover trace: upload_pkt_mux_formal_cover/engine_0/trace2.vcd
SBY 15:33:58 [upload_pkt_mux_formal_cover] summary:   reached cover statement upload_pkt_mux_formal_tb._witness_.check_cover_upload_pkt_mux_formal_tb_sv_347_242 at upload_pkt_mux_formal_tb.sv:347.13-347.53 step 5
SBY 15:33:58 [upload_pkt_mux_formal_cover] summary: cover trace: upload_pkt_mux_formal_cover/engine_0/trace3.vcd
SBY 15:33:58 [upload_pkt_mux_formal_cover] summary:   reached cover statement upload_pkt_mux_formal_tb._witness_.check_cover_upload_pkt_mux_formal_tb_sv_349_248 at upload_pkt_mux_formal_tb.sv:349.13-349.64 step 5
SBY 15:33:58 [upload_pkt_mux_formal_cover] summary: cover trace: upload_pkt_mux_formal_cover/engine_0/trace4.vcd
SBY 15:33:58 [upload_pkt_mux_formal_cover] summary:   reached cover statement upload_pkt_mux_formal_tb._witness_.check_cover_upload_pkt_mux_formal_tb_sv_346_239 at upload_pkt_mux_formal_tb.sv:346.13-346.53 step 5
SBY 15:33:58 [upload_pkt_mux_formal_cover] summary: and 1 further trace
SBY 15:33:58 [upload_pkt_mux_formal_cover] summary: see upload_pkt_mux_formal_cover/PASS for a complete summary
SBY 15:33:58 [upload_pkt_mux_formal_cover] DONE (PASS, rc=0)
</system-out>
<system-err>
</system-err>
</testsuite>
</testsuites>
