<?xml version="1.0" encoding="UTF-8"?>
<testsuites>
<testsuite timestamp="2026-04-18T15:22:52" hostname="teferi.ethz.ch" package="run_control_splitter_formal" id="0" name="cover" tests="150" errors="0" failures="0" time="0" skipped="146">
<properties>
<property name="os" value="Linux"/>
<property name="expect" value="PASS"/>
<property name="status" value="PASS"/>
</properties>
<testcase classname="cover" name="build execution" time="0">
</testcase>
<testcase classname="cover" name="Property ASSERT in run_control_splitter_formal_tb at run_control_splitter_formal_tb.sv:192.13-192.44" time="0" type="ASSERT" location="run_control_splitter_formal_tb.sv:192.13-192.44" id="_witness_.check_assert_run_control_splitter_formal_tb_sv_192_702">
<skipped />
</testcase>
<testcase classname="cover" name="Property ASSERT in run_control_splitter_formal_tb at run_control_splitter_formal_tb.sv:195.17-195.50" time="0" type="ASSERT" location="run_control_splitter_formal_tb.sv:195.17-195.50" id="_witness_.check_assert_run_control_splitter_formal_tb_sv_195_705">
<skipped />
</testcase>
<testcase classname="cover" name="Property ASSERT in run_control_splitter_formal_tb at run_control_splitter_formal_tb.sv:195.17-195.50" time="0" type="ASSERT" location="run_control_splitter_formal_tb.sv:195.17-195.50" id="_witness_.check_assert_run_control_splitter_formal_tb_sv_195_719">
<skipped />
</testcase>
<testcase classname="cover" name="Property ASSERT in run_control_splitter_formal_tb at run_control_splitter_formal_tb.sv:195.17-195.50" time="0" type="ASSERT" location="run_control_splitter_formal_tb.sv:195.17-195.50" id="_witness_.check_assert_run_control_splitter_formal_tb_sv_195_733">
<skipped />
</testcase>
<testcase classname="cover" name="Property ASSERT in run_control_splitter_formal_tb at run_control_splitter_formal_tb.sv:195.17-195.50" time="0" type="ASSERT" location="run_control_splitter_formal_tb.sv:195.17-195.50" id="_witness_.check_assert_run_control_splitter_formal_tb_sv_195_747">
<skipped />
</testcase>
<testcase classname="cover" name="Property ASSERT in run_control_splitter_formal_tb at run_control_splitter_formal_tb.sv:195.17-195.50" time="0" type="ASSERT" location="run_control_splitter_formal_tb.sv:195.17-195.50" id="_witness_.check_assert_run_control_splitter_formal_tb_sv_195_761">
<skipped />
</testcase>
<testcase classname="cover" name="Property ASSERT in run_control_splitter_formal_tb at run_control_splitter_formal_tb.sv:195.17-195.50" time="0" type="ASSERT" location="run_control_splitter_formal_tb.sv:195.17-195.50" id="_witness_.check_assert_run_control_splitter_formal_tb_sv_195_775">
<skipped />
</testcase>
<testcase classname="cover" name="Property ASSERT in run_control_splitter_formal_tb at run_control_splitter_formal_tb.sv:195.17-195.50" time="0" type="ASSERT" location="run_control_splitter_formal_tb.sv:195.17-195.50" id="_witness_.check_assert_run_control_splitter_formal_tb_sv_195_789">
<skipped />
</testcase>
<testcase classname="cover" name="Property ASSERT in run_control_splitter_formal_tb at run_control_splitter_formal_tb.sv:195.17-195.50" time="0" type="ASSERT" location="run_control_splitter_formal_tb.sv:195.17-195.50" id="_witness_.check_assert_run_control_splitter_formal_tb_sv_195_803">
<skipped />
</testcase>
<testcase classname="cover" name="Property ASSERT in run_control_splitter_formal_tb at run_control_splitter_formal_tb.sv:195.17-195.50" time="0" type="ASSERT" location="run_control_splitter_formal_tb.sv:195.17-195.50" id="_witness_.check_assert_run_control_splitter_formal_tb_sv_195_817">
<skipped />
</testcase>
<testcase classname="cover" name="Property ASSERT in run_control_splitter_formal_tb at run_control_splitter_formal_tb.sv:195.17-195.50" time="0" type="ASSERT" location="run_control_splitter_formal_tb.sv:195.17-195.50" id="_witness_.check_assert_run_control_splitter_formal_tb_sv_195_831">
<skipped />
</testcase>
<testcase classname="cover" name="Property ASSERT in run_control_splitter_formal_tb at run_control_splitter_formal_tb.sv:195.17-195.50" time="0" type="ASSERT" location="run_control_splitter_formal_tb.sv:195.17-195.50" id="_witness_.check_assert_run_control_splitter_formal_tb_sv_195_845">
<skipped />
</testcase>
<testcase classname="cover" name="Property ASSERT in run_control_splitter_formal_tb at run_control_splitter_formal_tb.sv:195.17-195.50" time="0" type="ASSERT" location="run_control_splitter_formal_tb.sv:195.17-195.50" id="_witness_.check_assert_run_control_splitter_formal_tb_sv_195_859">
<skipped />
</testcase>
<testcase classname="cover" name="Property ASSERT in run_control_splitter_formal_tb at run_control_splitter_formal_tb.sv:195.17-195.50" time="0" type="ASSERT" location="run_control_splitter_formal_tb.sv:195.17-195.50" id="_witness_.check_assert_run_control_splitter_formal_tb_sv_195_873">
<skipped />
</testcase>
<testcase classname="cover" name="Property ASSERT in run_control_splitter_formal_tb at run_control_splitter_formal_tb.sv:195.17-195.50" time="0" type="ASSERT" location="run_control_splitter_formal_tb.sv:195.17-195.50" id="_witness_.check_assert_run_control_splitter_formal_tb_sv_195_887">
<skipped />
</testcase>
<testcase classname="cover" name="Property ASSERT in run_control_splitter_formal_tb at run_control_splitter_formal_tb.sv:195.17-195.50" time="0" type="ASSERT" location="run_control_splitter_formal_tb.sv:195.17-195.50" id="_witness_.check_assert_run_control_splitter_formal_tb_sv_195_901">
<skipped />
</testcase>
<testcase classname="cover" name="Property ASSERT in run_control_splitter_formal_tb at run_control_splitter_formal_tb.sv:195.17-195.50" time="0" type="ASSERT" location="run_control_splitter_formal_tb.sv:195.17-195.50" id="_witness_.check_assert_run_control_splitter_formal_tb_sv_195_915">
<skipped />
</testcase>
<testcase classname="cover" name="Property ASSERT in run_control_splitter_formal_tb at run_control_splitter_formal_tb.sv:196.17-196.48" time="0" type="ASSERT" location="run_control_splitter_formal_tb.sv:196.17-196.48" id="_witness_.check_assert_run_control_splitter_formal_tb_sv_196_707">
<skipped />
</testcase>
<testcase classname="cover" name="Property ASSERT in run_control_splitter_formal_tb at run_control_splitter_formal_tb.sv:196.17-196.48" time="0" type="ASSERT" location="run_control_splitter_formal_tb.sv:196.17-196.48" id="_witness_.check_assert_run_control_splitter_formal_tb_sv_196_721">
<skipped />
</testcase>
<testcase classname="cover" name="Property ASSERT in run_control_splitter_formal_tb at run_control_splitter_formal_tb.sv:196.17-196.48" time="0" type="ASSERT" location="run_control_splitter_formal_tb.sv:196.17-196.48" id="_witness_.check_assert_run_control_splitter_formal_tb_sv_196_735">
<skipped />
</testcase>
<testcase classname="cover" name="Property ASSERT in run_control_splitter_formal_tb at run_control_splitter_formal_tb.sv:196.17-196.48" time="0" type="ASSERT" location="run_control_splitter_formal_tb.sv:196.17-196.48" id="_witness_.check_assert_run_control_splitter_formal_tb_sv_196_749">
<skipped />
</testcase>
<testcase classname="cover" name="Property ASSERT in run_control_splitter_formal_tb at run_control_splitter_formal_tb.sv:196.17-196.48" time="0" type="ASSERT" location="run_control_splitter_formal_tb.sv:196.17-196.48" id="_witness_.check_assert_run_control_splitter_formal_tb_sv_196_763">
<skipped />
</testcase>
<testcase classname="cover" name="Property ASSERT in run_control_splitter_formal_tb at run_control_splitter_formal_tb.sv:196.17-196.48" time="0" type="ASSERT" location="run_control_splitter_formal_tb.sv:196.17-196.48" id="_witness_.check_assert_run_control_splitter_formal_tb_sv_196_777">
<skipped />
</testcase>
<testcase classname="cover" name="Property ASSERT in run_control_splitter_formal_tb at run_control_splitter_formal_tb.sv:196.17-196.48" time="0" type="ASSERT" location="run_control_splitter_formal_tb.sv:196.17-196.48" id="_witness_.check_assert_run_control_splitter_formal_tb_sv_196_791">
<skipped />
</testcase>
<testcase classname="cover" name="Property ASSERT in run_control_splitter_formal_tb at run_control_splitter_formal_tb.sv:196.17-196.48" time="0" type="ASSERT" location="run_control_splitter_formal_tb.sv:196.17-196.48" id="_witness_.check_assert_run_control_splitter_formal_tb_sv_196_805">
<skipped />
</testcase>
<testcase classname="cover" name="Property ASSERT in run_control_splitter_formal_tb at run_control_splitter_formal_tb.sv:196.17-196.48" time="0" type="ASSERT" location="run_control_splitter_formal_tb.sv:196.17-196.48" id="_witness_.check_assert_run_control_splitter_formal_tb_sv_196_819">
<skipped />
</testcase>
<testcase classname="cover" name="Property ASSERT in run_control_splitter_formal_tb at run_control_splitter_formal_tb.sv:196.17-196.48" time="0" type="ASSERT" location="run_control_splitter_formal_tb.sv:196.17-196.48" id="_witness_.check_assert_run_control_splitter_formal_tb_sv_196_833">
<skipped />
</testcase>
<testcase classname="cover" name="Property ASSERT in run_control_splitter_formal_tb at run_control_splitter_formal_tb.sv:196.17-196.48" time="0" type="ASSERT" location="run_control_splitter_formal_tb.sv:196.17-196.48" id="_witness_.check_assert_run_control_splitter_formal_tb_sv_196_847">
<skipped />
</testcase>
<testcase classname="cover" name="Property ASSERT in run_control_splitter_formal_tb at run_control_splitter_formal_tb.sv:196.17-196.48" time="0" type="ASSERT" location="run_control_splitter_formal_tb.sv:196.17-196.48" id="_witness_.check_assert_run_control_splitter_formal_tb_sv_196_861">
<skipped />
</testcase>
<testcase classname="cover" name="Property ASSERT in run_control_splitter_formal_tb at run_control_splitter_formal_tb.sv:196.17-196.48" time="0" type="ASSERT" location="run_control_splitter_formal_tb.sv:196.17-196.48" id="_witness_.check_assert_run_control_splitter_formal_tb_sv_196_875">
<skipped />
</testcase>
<testcase classname="cover" name="Property ASSERT in run_control_splitter_formal_tb at run_control_splitter_formal_tb.sv:196.17-196.48" time="0" type="ASSERT" location="run_control_splitter_formal_tb.sv:196.17-196.48" id="_witness_.check_assert_run_control_splitter_formal_tb_sv_196_889">
<skipped />
</testcase>
<testcase classname="cover" name="Property ASSERT in run_control_splitter_formal_tb at run_control_splitter_formal_tb.sv:196.17-196.48" time="0" type="ASSERT" location="run_control_splitter_formal_tb.sv:196.17-196.48" id="_witness_.check_assert_run_control_splitter_formal_tb_sv_196_903">
<skipped />
</testcase>
<testcase classname="cover" name="Property ASSERT in run_control_splitter_formal_tb at run_control_splitter_formal_tb.sv:196.17-196.48" time="0" type="ASSERT" location="run_control_splitter_formal_tb.sv:196.17-196.48" id="_witness_.check_assert_run_control_splitter_formal_tb_sv_196_917">
<skipped />
</testcase>
<testcase classname="cover" name="Property ASSERT in run_control_splitter_formal_tb at run_control_splitter_formal_tb.sv:197.17-197.47" time="0" type="ASSERT" location="run_control_splitter_formal_tb.sv:197.17-197.47" id="_witness_.check_assert_run_control_splitter_formal_tb_sv_197_709">
<skipped />
</testcase>
<testcase classname="cover" name="Property ASSERT in run_control_splitter_formal_tb at run_control_splitter_formal_tb.sv:197.17-197.47" time="0" type="ASSERT" location="run_control_splitter_formal_tb.sv:197.17-197.47" id="_witness_.check_assert_run_control_splitter_formal_tb_sv_197_723">
<skipped />
</testcase>
<testcase classname="cover" name="Property ASSERT in run_control_splitter_formal_tb at run_control_splitter_formal_tb.sv:197.17-197.47" time="0" type="ASSERT" location="run_control_splitter_formal_tb.sv:197.17-197.47" id="_witness_.check_assert_run_control_splitter_formal_tb_sv_197_737">
<skipped />
</testcase>
<testcase classname="cover" name="Property ASSERT in run_control_splitter_formal_tb at run_control_splitter_formal_tb.sv:197.17-197.47" time="0" type="ASSERT" location="run_control_splitter_formal_tb.sv:197.17-197.47" id="_witness_.check_assert_run_control_splitter_formal_tb_sv_197_751">
<skipped />
</testcase>
<testcase classname="cover" name="Property ASSERT in run_control_splitter_formal_tb at run_control_splitter_formal_tb.sv:197.17-197.47" time="0" type="ASSERT" location="run_control_splitter_formal_tb.sv:197.17-197.47" id="_witness_.check_assert_run_control_splitter_formal_tb_sv_197_765">
<skipped />
</testcase>
<testcase classname="cover" name="Property ASSERT in run_control_splitter_formal_tb at run_control_splitter_formal_tb.sv:197.17-197.47" time="0" type="ASSERT" location="run_control_splitter_formal_tb.sv:197.17-197.47" id="_witness_.check_assert_run_control_splitter_formal_tb_sv_197_779">
<skipped />
</testcase>
<testcase classname="cover" name="Property ASSERT in run_control_splitter_formal_tb at run_control_splitter_formal_tb.sv:197.17-197.47" time="0" type="ASSERT" location="run_control_splitter_formal_tb.sv:197.17-197.47" id="_witness_.check_assert_run_control_splitter_formal_tb_sv_197_793">
<skipped />
</testcase>
<testcase classname="cover" name="Property ASSERT in run_control_splitter_formal_tb at run_control_splitter_formal_tb.sv:197.17-197.47" time="0" type="ASSERT" location="run_control_splitter_formal_tb.sv:197.17-197.47" id="_witness_.check_assert_run_control_splitter_formal_tb_sv_197_807">
<skipped />
</testcase>
<testcase classname="cover" name="Property ASSERT in run_control_splitter_formal_tb at run_control_splitter_formal_tb.sv:197.17-197.47" time="0" type="ASSERT" location="run_control_splitter_formal_tb.sv:197.17-197.47" id="_witness_.check_assert_run_control_splitter_formal_tb_sv_197_821">
<skipped />
</testcase>
<testcase classname="cover" name="Property ASSERT in run_control_splitter_formal_tb at run_control_splitter_formal_tb.sv:197.17-197.47" time="0" type="ASSERT" location="run_control_splitter_formal_tb.sv:197.17-197.47" id="_witness_.check_assert_run_control_splitter_formal_tb_sv_197_835">
<skipped />
</testcase>
<testcase classname="cover" name="Property ASSERT in run_control_splitter_formal_tb at run_control_splitter_formal_tb.sv:197.17-197.47" time="0" type="ASSERT" location="run_control_splitter_formal_tb.sv:197.17-197.47" id="_witness_.check_assert_run_control_splitter_formal_tb_sv_197_849">
<skipped />
</testcase>
<testcase classname="cover" name="Property ASSERT in run_control_splitter_formal_tb at run_control_splitter_formal_tb.sv:197.17-197.47" time="0" type="ASSERT" location="run_control_splitter_formal_tb.sv:197.17-197.47" id="_witness_.check_assert_run_control_splitter_formal_tb_sv_197_863">
<skipped />
</testcase>
<testcase classname="cover" name="Property ASSERT in run_control_splitter_formal_tb at run_control_splitter_formal_tb.sv:197.17-197.47" time="0" type="ASSERT" location="run_control_splitter_formal_tb.sv:197.17-197.47" id="_witness_.check_assert_run_control_splitter_formal_tb_sv_197_877">
<skipped />
</testcase>
<testcase classname="cover" name="Property ASSERT in run_control_splitter_formal_tb at run_control_splitter_formal_tb.sv:197.17-197.47" time="0" type="ASSERT" location="run_control_splitter_formal_tb.sv:197.17-197.47" id="_witness_.check_assert_run_control_splitter_formal_tb_sv_197_891">
<skipped />
</testcase>
<testcase classname="cover" name="Property ASSERT in run_control_splitter_formal_tb at run_control_splitter_formal_tb.sv:197.17-197.47" time="0" type="ASSERT" location="run_control_splitter_formal_tb.sv:197.17-197.47" id="_witness_.check_assert_run_control_splitter_formal_tb_sv_197_905">
<skipped />
</testcase>
<testcase classname="cover" name="Property ASSERT in run_control_splitter_formal_tb at run_control_splitter_formal_tb.sv:197.17-197.47" time="0" type="ASSERT" location="run_control_splitter_formal_tb.sv:197.17-197.47" id="_witness_.check_assert_run_control_splitter_formal_tb_sv_197_919">
<skipped />
</testcase>
<testcase classname="cover" name="Property ASSERT in run_control_splitter_formal_tb at run_control_splitter_formal_tb.sv:198.17-198.45" time="0" type="ASSERT" location="run_control_splitter_formal_tb.sv:198.17-198.45" id="_witness_.check_assert_run_control_splitter_formal_tb_sv_198_711">
<skipped />
</testcase>
<testcase classname="cover" name="Property ASSERT in run_control_splitter_formal_tb at run_control_splitter_formal_tb.sv:198.17-198.45" time="0" type="ASSERT" location="run_control_splitter_formal_tb.sv:198.17-198.45" id="_witness_.check_assert_run_control_splitter_formal_tb_sv_198_725">
<skipped />
</testcase>
<testcase classname="cover" name="Property ASSERT in run_control_splitter_formal_tb at run_control_splitter_formal_tb.sv:198.17-198.45" time="0" type="ASSERT" location="run_control_splitter_formal_tb.sv:198.17-198.45" id="_witness_.check_assert_run_control_splitter_formal_tb_sv_198_739">
<skipped />
</testcase>
<testcase classname="cover" name="Property ASSERT in run_control_splitter_formal_tb at run_control_splitter_formal_tb.sv:198.17-198.45" time="0" type="ASSERT" location="run_control_splitter_formal_tb.sv:198.17-198.45" id="_witness_.check_assert_run_control_splitter_formal_tb_sv_198_753">
<skipped />
</testcase>
<testcase classname="cover" name="Property ASSERT in run_control_splitter_formal_tb at run_control_splitter_formal_tb.sv:198.17-198.45" time="0" type="ASSERT" location="run_control_splitter_formal_tb.sv:198.17-198.45" id="_witness_.check_assert_run_control_splitter_formal_tb_sv_198_767">
<skipped />
</testcase>
<testcase classname="cover" name="Property ASSERT in run_control_splitter_formal_tb at run_control_splitter_formal_tb.sv:198.17-198.45" time="0" type="ASSERT" location="run_control_splitter_formal_tb.sv:198.17-198.45" id="_witness_.check_assert_run_control_splitter_formal_tb_sv_198_781">
<skipped />
</testcase>
<testcase classname="cover" name="Property ASSERT in run_control_splitter_formal_tb at run_control_splitter_formal_tb.sv:198.17-198.45" time="0" type="ASSERT" location="run_control_splitter_formal_tb.sv:198.17-198.45" id="_witness_.check_assert_run_control_splitter_formal_tb_sv_198_795">
<skipped />
</testcase>
<testcase classname="cover" name="Property ASSERT in run_control_splitter_formal_tb at run_control_splitter_formal_tb.sv:198.17-198.45" time="0" type="ASSERT" location="run_control_splitter_formal_tb.sv:198.17-198.45" id="_witness_.check_assert_run_control_splitter_formal_tb_sv_198_809">
<skipped />
</testcase>
<testcase classname="cover" name="Property ASSERT in run_control_splitter_formal_tb at run_control_splitter_formal_tb.sv:198.17-198.45" time="0" type="ASSERT" location="run_control_splitter_formal_tb.sv:198.17-198.45" id="_witness_.check_assert_run_control_splitter_formal_tb_sv_198_823">
<skipped />
</testcase>
<testcase classname="cover" name="Property ASSERT in run_control_splitter_formal_tb at run_control_splitter_formal_tb.sv:198.17-198.45" time="0" type="ASSERT" location="run_control_splitter_formal_tb.sv:198.17-198.45" id="_witness_.check_assert_run_control_splitter_formal_tb_sv_198_837">
<skipped />
</testcase>
<testcase classname="cover" name="Property ASSERT in run_control_splitter_formal_tb at run_control_splitter_formal_tb.sv:198.17-198.45" time="0" type="ASSERT" location="run_control_splitter_formal_tb.sv:198.17-198.45" id="_witness_.check_assert_run_control_splitter_formal_tb_sv_198_851">
<skipped />
</testcase>
<testcase classname="cover" name="Property ASSERT in run_control_splitter_formal_tb at run_control_splitter_formal_tb.sv:198.17-198.45" time="0" type="ASSERT" location="run_control_splitter_formal_tb.sv:198.17-198.45" id="_witness_.check_assert_run_control_splitter_formal_tb_sv_198_865">
<skipped />
</testcase>
<testcase classname="cover" name="Property ASSERT in run_control_splitter_formal_tb at run_control_splitter_formal_tb.sv:198.17-198.45" time="0" type="ASSERT" location="run_control_splitter_formal_tb.sv:198.17-198.45" id="_witness_.check_assert_run_control_splitter_formal_tb_sv_198_879">
<skipped />
</testcase>
<testcase classname="cover" name="Property ASSERT in run_control_splitter_formal_tb at run_control_splitter_formal_tb.sv:198.17-198.45" time="0" type="ASSERT" location="run_control_splitter_formal_tb.sv:198.17-198.45" id="_witness_.check_assert_run_control_splitter_formal_tb_sv_198_893">
<skipped />
</testcase>
<testcase classname="cover" name="Property ASSERT in run_control_splitter_formal_tb at run_control_splitter_formal_tb.sv:198.17-198.45" time="0" type="ASSERT" location="run_control_splitter_formal_tb.sv:198.17-198.45" id="_witness_.check_assert_run_control_splitter_formal_tb_sv_198_907">
<skipped />
</testcase>
<testcase classname="cover" name="Property ASSERT in run_control_splitter_formal_tb at run_control_splitter_formal_tb.sv:198.17-198.45" time="0" type="ASSERT" location="run_control_splitter_formal_tb.sv:198.17-198.45" id="_witness_.check_assert_run_control_splitter_formal_tb_sv_198_921">
<skipped />
</testcase>
<testcase classname="cover" name="Property ASSERT in run_control_splitter_formal_tb at run_control_splitter_formal_tb.sv:199.17-199.43" time="0" type="ASSERT" location="run_control_splitter_formal_tb.sv:199.17-199.43" id="_witness_.check_assert_run_control_splitter_formal_tb_sv_199_713">
<skipped />
</testcase>
<testcase classname="cover" name="Property ASSERT in run_control_splitter_formal_tb at run_control_splitter_formal_tb.sv:199.17-199.43" time="0" type="ASSERT" location="run_control_splitter_formal_tb.sv:199.17-199.43" id="_witness_.check_assert_run_control_splitter_formal_tb_sv_199_727">
<skipped />
</testcase>
<testcase classname="cover" name="Property ASSERT in run_control_splitter_formal_tb at run_control_splitter_formal_tb.sv:199.17-199.43" time="0" type="ASSERT" location="run_control_splitter_formal_tb.sv:199.17-199.43" id="_witness_.check_assert_run_control_splitter_formal_tb_sv_199_741">
<skipped />
</testcase>
<testcase classname="cover" name="Property ASSERT in run_control_splitter_formal_tb at run_control_splitter_formal_tb.sv:199.17-199.43" time="0" type="ASSERT" location="run_control_splitter_formal_tb.sv:199.17-199.43" id="_witness_.check_assert_run_control_splitter_formal_tb_sv_199_755">
<skipped />
</testcase>
<testcase classname="cover" name="Property ASSERT in run_control_splitter_formal_tb at run_control_splitter_formal_tb.sv:199.17-199.43" time="0" type="ASSERT" location="run_control_splitter_formal_tb.sv:199.17-199.43" id="_witness_.check_assert_run_control_splitter_formal_tb_sv_199_769">
<skipped />
</testcase>
<testcase classname="cover" name="Property ASSERT in run_control_splitter_formal_tb at run_control_splitter_formal_tb.sv:199.17-199.43" time="0" type="ASSERT" location="run_control_splitter_formal_tb.sv:199.17-199.43" id="_witness_.check_assert_run_control_splitter_formal_tb_sv_199_783">
<skipped />
</testcase>
<testcase classname="cover" name="Property ASSERT in run_control_splitter_formal_tb at run_control_splitter_formal_tb.sv:199.17-199.43" time="0" type="ASSERT" location="run_control_splitter_formal_tb.sv:199.17-199.43" id="_witness_.check_assert_run_control_splitter_formal_tb_sv_199_797">
<skipped />
</testcase>
<testcase classname="cover" name="Property ASSERT in run_control_splitter_formal_tb at run_control_splitter_formal_tb.sv:199.17-199.43" time="0" type="ASSERT" location="run_control_splitter_formal_tb.sv:199.17-199.43" id="_witness_.check_assert_run_control_splitter_formal_tb_sv_199_811">
<skipped />
</testcase>
<testcase classname="cover" name="Property ASSERT in run_control_splitter_formal_tb at run_control_splitter_formal_tb.sv:199.17-199.43" time="0" type="ASSERT" location="run_control_splitter_formal_tb.sv:199.17-199.43" id="_witness_.check_assert_run_control_splitter_formal_tb_sv_199_825">
<skipped />
</testcase>
<testcase classname="cover" name="Property ASSERT in run_control_splitter_formal_tb at run_control_splitter_formal_tb.sv:199.17-199.43" time="0" type="ASSERT" location="run_control_splitter_formal_tb.sv:199.17-199.43" id="_witness_.check_assert_run_control_splitter_formal_tb_sv_199_839">
<skipped />
</testcase>
<testcase classname="cover" name="Property ASSERT in run_control_splitter_formal_tb at run_control_splitter_formal_tb.sv:199.17-199.43" time="0" type="ASSERT" location="run_control_splitter_formal_tb.sv:199.17-199.43" id="_witness_.check_assert_run_control_splitter_formal_tb_sv_199_853">
<skipped />
</testcase>
<testcase classname="cover" name="Property ASSERT in run_control_splitter_formal_tb at run_control_splitter_formal_tb.sv:199.17-199.43" time="0" type="ASSERT" location="run_control_splitter_formal_tb.sv:199.17-199.43" id="_witness_.check_assert_run_control_splitter_formal_tb_sv_199_867">
<skipped />
</testcase>
<testcase classname="cover" name="Property ASSERT in run_control_splitter_formal_tb at run_control_splitter_formal_tb.sv:199.17-199.43" time="0" type="ASSERT" location="run_control_splitter_formal_tb.sv:199.17-199.43" id="_witness_.check_assert_run_control_splitter_formal_tb_sv_199_881">
<skipped />
</testcase>
<testcase classname="cover" name="Property ASSERT in run_control_splitter_formal_tb at run_control_splitter_formal_tb.sv:199.17-199.43" time="0" type="ASSERT" location="run_control_splitter_formal_tb.sv:199.17-199.43" id="_witness_.check_assert_run_control_splitter_formal_tb_sv_199_895">
<skipped />
</testcase>
<testcase classname="cover" name="Property ASSERT in run_control_splitter_formal_tb at run_control_splitter_formal_tb.sv:199.17-199.43" time="0" type="ASSERT" location="run_control_splitter_formal_tb.sv:199.17-199.43" id="_witness_.check_assert_run_control_splitter_formal_tb_sv_199_909">
<skipped />
</testcase>
<testcase classname="cover" name="Property ASSERT in run_control_splitter_formal_tb at run_control_splitter_formal_tb.sv:199.17-199.43" time="0" type="ASSERT" location="run_control_splitter_formal_tb.sv:199.17-199.43" id="_witness_.check_assert_run_control_splitter_formal_tb_sv_199_923">
<skipped />
</testcase>
<testcase classname="cover" name="Property ASSERT in run_control_splitter_formal_tb at run_control_splitter_formal_tb.sv:200.17-200.43" time="0" type="ASSERT" location="run_control_splitter_formal_tb.sv:200.17-200.43" id="_witness_.check_assert_run_control_splitter_formal_tb_sv_200_715">
<skipped />
</testcase>
<testcase classname="cover" name="Property ASSERT in run_control_splitter_formal_tb at run_control_splitter_formal_tb.sv:200.17-200.43" time="0" type="ASSERT" location="run_control_splitter_formal_tb.sv:200.17-200.43" id="_witness_.check_assert_run_control_splitter_formal_tb_sv_200_729">
<skipped />
</testcase>
<testcase classname="cover" name="Property ASSERT in run_control_splitter_formal_tb at run_control_splitter_formal_tb.sv:200.17-200.43" time="0" type="ASSERT" location="run_control_splitter_formal_tb.sv:200.17-200.43" id="_witness_.check_assert_run_control_splitter_formal_tb_sv_200_743">
<skipped />
</testcase>
<testcase classname="cover" name="Property ASSERT in run_control_splitter_formal_tb at run_control_splitter_formal_tb.sv:200.17-200.43" time="0" type="ASSERT" location="run_control_splitter_formal_tb.sv:200.17-200.43" id="_witness_.check_assert_run_control_splitter_formal_tb_sv_200_757">
<skipped />
</testcase>
<testcase classname="cover" name="Property ASSERT in run_control_splitter_formal_tb at run_control_splitter_formal_tb.sv:200.17-200.43" time="0" type="ASSERT" location="run_control_splitter_formal_tb.sv:200.17-200.43" id="_witness_.check_assert_run_control_splitter_formal_tb_sv_200_771">
<skipped />
</testcase>
<testcase classname="cover" name="Property ASSERT in run_control_splitter_formal_tb at run_control_splitter_formal_tb.sv:200.17-200.43" time="0" type="ASSERT" location="run_control_splitter_formal_tb.sv:200.17-200.43" id="_witness_.check_assert_run_control_splitter_formal_tb_sv_200_785">
<skipped />
</testcase>
<testcase classname="cover" name="Property ASSERT in run_control_splitter_formal_tb at run_control_splitter_formal_tb.sv:200.17-200.43" time="0" type="ASSERT" location="run_control_splitter_formal_tb.sv:200.17-200.43" id="_witness_.check_assert_run_control_splitter_formal_tb_sv_200_799">
<skipped />
</testcase>
<testcase classname="cover" name="Property ASSERT in run_control_splitter_formal_tb at run_control_splitter_formal_tb.sv:200.17-200.43" time="0" type="ASSERT" location="run_control_splitter_formal_tb.sv:200.17-200.43" id="_witness_.check_assert_run_control_splitter_formal_tb_sv_200_813">
<skipped />
</testcase>
<testcase classname="cover" name="Property ASSERT in run_control_splitter_formal_tb at run_control_splitter_formal_tb.sv:200.17-200.43" time="0" type="ASSERT" location="run_control_splitter_formal_tb.sv:200.17-200.43" id="_witness_.check_assert_run_control_splitter_formal_tb_sv_200_827">
<skipped />
</testcase>
<testcase classname="cover" name="Property ASSERT in run_control_splitter_formal_tb at run_control_splitter_formal_tb.sv:200.17-200.43" time="0" type="ASSERT" location="run_control_splitter_formal_tb.sv:200.17-200.43" id="_witness_.check_assert_run_control_splitter_formal_tb_sv_200_841">
<skipped />
</testcase>
<testcase classname="cover" name="Property ASSERT in run_control_splitter_formal_tb at run_control_splitter_formal_tb.sv:200.17-200.43" time="0" type="ASSERT" location="run_control_splitter_formal_tb.sv:200.17-200.43" id="_witness_.check_assert_run_control_splitter_formal_tb_sv_200_855">
<skipped />
</testcase>
<testcase classname="cover" name="Property ASSERT in run_control_splitter_formal_tb at run_control_splitter_formal_tb.sv:200.17-200.43" time="0" type="ASSERT" location="run_control_splitter_formal_tb.sv:200.17-200.43" id="_witness_.check_assert_run_control_splitter_formal_tb_sv_200_869">
<skipped />
</testcase>
<testcase classname="cover" name="Property ASSERT in run_control_splitter_formal_tb at run_control_splitter_formal_tb.sv:200.17-200.43" time="0" type="ASSERT" location="run_control_splitter_formal_tb.sv:200.17-200.43" id="_witness_.check_assert_run_control_splitter_formal_tb_sv_200_883">
<skipped />
</testcase>
<testcase classname="cover" name="Property ASSERT in run_control_splitter_formal_tb at run_control_splitter_formal_tb.sv:200.17-200.43" time="0" type="ASSERT" location="run_control_splitter_formal_tb.sv:200.17-200.43" id="_witness_.check_assert_run_control_splitter_formal_tb_sv_200_897">
<skipped />
</testcase>
<testcase classname="cover" name="Property ASSERT in run_control_splitter_formal_tb at run_control_splitter_formal_tb.sv:200.17-200.43" time="0" type="ASSERT" location="run_control_splitter_formal_tb.sv:200.17-200.43" id="_witness_.check_assert_run_control_splitter_formal_tb_sv_200_911">
<skipped />
</testcase>
<testcase classname="cover" name="Property ASSERT in run_control_splitter_formal_tb at run_control_splitter_formal_tb.sv:200.17-200.43" time="0" type="ASSERT" location="run_control_splitter_formal_tb.sv:200.17-200.43" id="_witness_.check_assert_run_control_splitter_formal_tb_sv_200_925">
<skipped />
</testcase>
<testcase classname="cover" name="Property ASSERT in run_control_splitter_formal_tb at run_control_splitter_formal_tb.sv:201.17-201.45" time="0" type="ASSERT" location="run_control_splitter_formal_tb.sv:201.17-201.45" id="_witness_.check_assert_run_control_splitter_formal_tb_sv_201_717">
<skipped />
</testcase>
<testcase classname="cover" name="Property ASSERT in run_control_splitter_formal_tb at run_control_splitter_formal_tb.sv:201.17-201.45" time="0" type="ASSERT" location="run_control_splitter_formal_tb.sv:201.17-201.45" id="_witness_.check_assert_run_control_splitter_formal_tb_sv_201_731">
<skipped />
</testcase>
<testcase classname="cover" name="Property ASSERT in run_control_splitter_formal_tb at run_control_splitter_formal_tb.sv:201.17-201.45" time="0" type="ASSERT" location="run_control_splitter_formal_tb.sv:201.17-201.45" id="_witness_.check_assert_run_control_splitter_formal_tb_sv_201_745">
<skipped />
</testcase>
<testcase classname="cover" name="Property ASSERT in run_control_splitter_formal_tb at run_control_splitter_formal_tb.sv:201.17-201.45" time="0" type="ASSERT" location="run_control_splitter_formal_tb.sv:201.17-201.45" id="_witness_.check_assert_run_control_splitter_formal_tb_sv_201_759">
<skipped />
</testcase>
<testcase classname="cover" name="Property ASSERT in run_control_splitter_formal_tb at run_control_splitter_formal_tb.sv:201.17-201.45" time="0" type="ASSERT" location="run_control_splitter_formal_tb.sv:201.17-201.45" id="_witness_.check_assert_run_control_splitter_formal_tb_sv_201_773">
<skipped />
</testcase>
<testcase classname="cover" name="Property ASSERT in run_control_splitter_formal_tb at run_control_splitter_formal_tb.sv:201.17-201.45" time="0" type="ASSERT" location="run_control_splitter_formal_tb.sv:201.17-201.45" id="_witness_.check_assert_run_control_splitter_formal_tb_sv_201_787">
<skipped />
</testcase>
<testcase classname="cover" name="Property ASSERT in run_control_splitter_formal_tb at run_control_splitter_formal_tb.sv:201.17-201.45" time="0" type="ASSERT" location="run_control_splitter_formal_tb.sv:201.17-201.45" id="_witness_.check_assert_run_control_splitter_formal_tb_sv_201_801">
<skipped />
</testcase>
<testcase classname="cover" name="Property ASSERT in run_control_splitter_formal_tb at run_control_splitter_formal_tb.sv:201.17-201.45" time="0" type="ASSERT" location="run_control_splitter_formal_tb.sv:201.17-201.45" id="_witness_.check_assert_run_control_splitter_formal_tb_sv_201_815">
<skipped />
</testcase>
<testcase classname="cover" name="Property ASSERT in run_control_splitter_formal_tb at run_control_splitter_formal_tb.sv:201.17-201.45" time="0" type="ASSERT" location="run_control_splitter_formal_tb.sv:201.17-201.45" id="_witness_.check_assert_run_control_splitter_formal_tb_sv_201_829">
<skipped />
</testcase>
<testcase classname="cover" name="Property ASSERT in run_control_splitter_formal_tb at run_control_splitter_formal_tb.sv:201.17-201.45" time="0" type="ASSERT" location="run_control_splitter_formal_tb.sv:201.17-201.45" id="_witness_.check_assert_run_control_splitter_formal_tb_sv_201_843">
<skipped />
</testcase>
<testcase classname="cover" name="Property ASSERT in run_control_splitter_formal_tb at run_control_splitter_formal_tb.sv:201.17-201.45" time="0" type="ASSERT" location="run_control_splitter_formal_tb.sv:201.17-201.45" id="_witness_.check_assert_run_control_splitter_formal_tb_sv_201_857">
<skipped />
</testcase>
<testcase classname="cover" name="Property ASSERT in run_control_splitter_formal_tb at run_control_splitter_formal_tb.sv:201.17-201.45" time="0" type="ASSERT" location="run_control_splitter_formal_tb.sv:201.17-201.45" id="_witness_.check_assert_run_control_splitter_formal_tb_sv_201_871">
<skipped />
</testcase>
<testcase classname="cover" name="Property ASSERT in run_control_splitter_formal_tb at run_control_splitter_formal_tb.sv:201.17-201.45" time="0" type="ASSERT" location="run_control_splitter_formal_tb.sv:201.17-201.45" id="_witness_.check_assert_run_control_splitter_formal_tb_sv_201_885">
<skipped />
</testcase>
<testcase classname="cover" name="Property ASSERT in run_control_splitter_formal_tb at run_control_splitter_formal_tb.sv:201.17-201.45" time="0" type="ASSERT" location="run_control_splitter_formal_tb.sv:201.17-201.45" id="_witness_.check_assert_run_control_splitter_formal_tb_sv_201_899">
<skipped />
</testcase>
<testcase classname="cover" name="Property ASSERT in run_control_splitter_formal_tb at run_control_splitter_formal_tb.sv:201.17-201.45" time="0" type="ASSERT" location="run_control_splitter_formal_tb.sv:201.17-201.45" id="_witness_.check_assert_run_control_splitter_formal_tb_sv_201_913">
<skipped />
</testcase>
<testcase classname="cover" name="Property ASSERT in run_control_splitter_formal_tb at run_control_splitter_formal_tb.sv:201.17-201.45" time="0" type="ASSERT" location="run_control_splitter_formal_tb.sv:201.17-201.45" id="_witness_.check_assert_run_control_splitter_formal_tb_sv_201_927">
<skipped />
</testcase>
<testcase classname="cover" name="Property ASSERT in run_control_splitter_formal_tb at run_control_splitter_formal_tb.sv:205.17-205.35" time="0" type="ASSERT" location="run_control_splitter_formal_tb.sv:205.17-205.35" id="_witness_.check_assert_run_control_splitter_formal_tb_sv_205_932">
<skipped />
</testcase>
<testcase classname="cover" name="Property ASSERT in run_control_splitter_formal_tb at run_control_splitter_formal_tb.sv:210.21-210.57" time="0" type="ASSERT" location="run_control_splitter_formal_tb.sv:210.21-210.57" id="_witness_.check_assert_run_control_splitter_formal_tb_sv_210_935">
<skipped />
</testcase>
<testcase classname="cover" name="Property ASSERT in run_control_splitter_formal_tb at run_control_splitter_formal_tb.sv:210.21-210.57" time="0" type="ASSERT" location="run_control_splitter_formal_tb.sv:210.21-210.57" id="_witness_.check_assert_run_control_splitter_formal_tb_sv_210_939">
<skipped />
</testcase>
<testcase classname="cover" name="Property ASSERT in run_control_splitter_formal_tb at run_control_splitter_formal_tb.sv:210.21-210.57" time="0" type="ASSERT" location="run_control_splitter_formal_tb.sv:210.21-210.57" id="_witness_.check_assert_run_control_splitter_formal_tb_sv_210_943">
<skipped />
</testcase>
<testcase classname="cover" name="Property ASSERT in run_control_splitter_formal_tb at run_control_splitter_formal_tb.sv:210.21-210.57" time="0" type="ASSERT" location="run_control_splitter_formal_tb.sv:210.21-210.57" id="_witness_.check_assert_run_control_splitter_formal_tb_sv_210_947">
<skipped />
</testcase>
<testcase classname="cover" name="Property ASSERT in run_control_splitter_formal_tb at run_control_splitter_formal_tb.sv:210.21-210.57" time="0" type="ASSERT" location="run_control_splitter_formal_tb.sv:210.21-210.57" id="_witness_.check_assert_run_control_splitter_formal_tb_sv_210_951">
<skipped />
</testcase>
<testcase classname="cover" name="Property ASSERT in run_control_splitter_formal_tb at run_control_splitter_formal_tb.sv:210.21-210.57" time="0" type="ASSERT" location="run_control_splitter_formal_tb.sv:210.21-210.57" id="_witness_.check_assert_run_control_splitter_formal_tb_sv_210_955">
<skipped />
</testcase>
<testcase classname="cover" name="Property ASSERT in run_control_splitter_formal_tb at run_control_splitter_formal_tb.sv:210.21-210.57" time="0" type="ASSERT" location="run_control_splitter_formal_tb.sv:210.21-210.57" id="_witness_.check_assert_run_control_splitter_formal_tb_sv_210_959">
<skipped />
</testcase>
<testcase classname="cover" name="Property ASSERT in run_control_splitter_formal_tb at run_control_splitter_formal_tb.sv:210.21-210.57" time="0" type="ASSERT" location="run_control_splitter_formal_tb.sv:210.21-210.57" id="_witness_.check_assert_run_control_splitter_formal_tb_sv_210_963">
<skipped />
</testcase>
<testcase classname="cover" name="Property ASSERT in run_control_splitter_formal_tb at run_control_splitter_formal_tb.sv:210.21-210.57" time="0" type="ASSERT" location="run_control_splitter_formal_tb.sv:210.21-210.57" id="_witness_.check_assert_run_control_splitter_formal_tb_sv_210_967">
<skipped />
</testcase>
<testcase classname="cover" name="Property ASSERT in run_control_splitter_formal_tb at run_control_splitter_formal_tb.sv:210.21-210.57" time="0" type="ASSERT" location="run_control_splitter_formal_tb.sv:210.21-210.57" id="_witness_.check_assert_run_control_splitter_formal_tb_sv_210_971">
<skipped />
</testcase>
<testcase classname="cover" name="Property ASSERT in run_control_splitter_formal_tb at run_control_splitter_formal_tb.sv:210.21-210.57" time="0" type="ASSERT" location="run_control_splitter_formal_tb.sv:210.21-210.57" id="_witness_.check_assert_run_control_splitter_formal_tb_sv_210_975">
<skipped />
</testcase>
<testcase classname="cover" name="Property ASSERT in run_control_splitter_formal_tb at run_control_splitter_formal_tb.sv:210.21-210.57" time="0" type="ASSERT" location="run_control_splitter_formal_tb.sv:210.21-210.57" id="_witness_.check_assert_run_control_splitter_formal_tb_sv_210_979">
<skipped />
</testcase>
<testcase classname="cover" name="Property ASSERT in run_control_splitter_formal_tb at run_control_splitter_formal_tb.sv:210.21-210.57" time="0" type="ASSERT" location="run_control_splitter_formal_tb.sv:210.21-210.57" id="_witness_.check_assert_run_control_splitter_formal_tb_sv_210_983">
<skipped />
</testcase>
<testcase classname="cover" name="Property ASSERT in run_control_splitter_formal_tb at run_control_splitter_formal_tb.sv:210.21-210.57" time="0" type="ASSERT" location="run_control_splitter_formal_tb.sv:210.21-210.57" id="_witness_.check_assert_run_control_splitter_formal_tb_sv_210_987">
<skipped />
</testcase>
<testcase classname="cover" name="Property ASSERT in run_control_splitter_formal_tb at run_control_splitter_formal_tb.sv:210.21-210.57" time="0" type="ASSERT" location="run_control_splitter_formal_tb.sv:210.21-210.57" id="_witness_.check_assert_run_control_splitter_formal_tb_sv_210_991">
<skipped />
</testcase>
<testcase classname="cover" name="Property ASSERT in run_control_splitter_formal_tb at run_control_splitter_formal_tb.sv:210.21-210.57" time="0" type="ASSERT" location="run_control_splitter_formal_tb.sv:210.21-210.57" id="_witness_.check_assert_run_control_splitter_formal_tb_sv_210_995">
<skipped />
</testcase>
<testcase classname="cover" name="Property ASSERT in run_control_splitter_formal_tb at run_control_splitter_formal_tb.sv:211.21-211.52" time="0" type="ASSERT" location="run_control_splitter_formal_tb.sv:211.21-211.52" id="_witness_.check_assert_run_control_splitter_formal_tb_sv_211_937">
<skipped />
</testcase>
<testcase classname="cover" name="Property ASSERT in run_control_splitter_formal_tb at run_control_splitter_formal_tb.sv:211.21-211.52" time="0" type="ASSERT" location="run_control_splitter_formal_tb.sv:211.21-211.52" id="_witness_.check_assert_run_control_splitter_formal_tb_sv_211_941">
<skipped />
</testcase>
<testcase classname="cover" name="Property ASSERT in run_control_splitter_formal_tb at run_control_splitter_formal_tb.sv:211.21-211.52" time="0" type="ASSERT" location="run_control_splitter_formal_tb.sv:211.21-211.52" id="_witness_.check_assert_run_control_splitter_formal_tb_sv_211_945">
<skipped />
</testcase>
<testcase classname="cover" name="Property ASSERT in run_control_splitter_formal_tb at run_control_splitter_formal_tb.sv:211.21-211.52" time="0" type="ASSERT" location="run_control_splitter_formal_tb.sv:211.21-211.52" id="_witness_.check_assert_run_control_splitter_formal_tb_sv_211_949">
<skipped />
</testcase>
<testcase classname="cover" name="Property ASSERT in run_control_splitter_formal_tb at run_control_splitter_formal_tb.sv:211.21-211.52" time="0" type="ASSERT" location="run_control_splitter_formal_tb.sv:211.21-211.52" id="_witness_.check_assert_run_control_splitter_formal_tb_sv_211_953">
<skipped />
</testcase>
<testcase classname="cover" name="Property ASSERT in run_control_splitter_formal_tb at run_control_splitter_formal_tb.sv:211.21-211.52" time="0" type="ASSERT" location="run_control_splitter_formal_tb.sv:211.21-211.52" id="_witness_.check_assert_run_control_splitter_formal_tb_sv_211_957">
<skipped />
</testcase>
<testcase classname="cover" name="Property ASSERT in run_control_splitter_formal_tb at run_control_splitter_formal_tb.sv:211.21-211.52" time="0" type="ASSERT" location="run_control_splitter_formal_tb.sv:211.21-211.52" id="_witness_.check_assert_run_control_splitter_formal_tb_sv_211_961">
<skipped />
</testcase>
<testcase classname="cover" name="Property ASSERT in run_control_splitter_formal_tb at run_control_splitter_formal_tb.sv:211.21-211.52" time="0" type="ASSERT" location="run_control_splitter_formal_tb.sv:211.21-211.52" id="_witness_.check_assert_run_control_splitter_formal_tb_sv_211_965">
<skipped />
</testcase>
<testcase classname="cover" name="Property ASSERT in run_control_splitter_formal_tb at run_control_splitter_formal_tb.sv:211.21-211.52" time="0" type="ASSERT" location="run_control_splitter_formal_tb.sv:211.21-211.52" id="_witness_.check_assert_run_control_splitter_formal_tb_sv_211_969">
<skipped />
</testcase>
<testcase classname="cover" name="Property ASSERT in run_control_splitter_formal_tb at run_control_splitter_formal_tb.sv:211.21-211.52" time="0" type="ASSERT" location="run_control_splitter_formal_tb.sv:211.21-211.52" id="_witness_.check_assert_run_control_splitter_formal_tb_sv_211_973">
<skipped />
</testcase>
<testcase classname="cover" name="Property ASSERT in run_control_splitter_formal_tb at run_control_splitter_formal_tb.sv:211.21-211.52" time="0" type="ASSERT" location="run_control_splitter_formal_tb.sv:211.21-211.52" id="_witness_.check_assert_run_control_splitter_formal_tb_sv_211_977">
<skipped />
</testcase>
<testcase classname="cover" name="Property ASSERT in run_control_splitter_formal_tb at run_control_splitter_formal_tb.sv:211.21-211.52" time="0" type="ASSERT" location="run_control_splitter_formal_tb.sv:211.21-211.52" id="_witness_.check_assert_run_control_splitter_formal_tb_sv_211_981">
<skipped />
</testcase>
<testcase classname="cover" name="Property ASSERT in run_control_splitter_formal_tb at run_control_splitter_formal_tb.sv:211.21-211.52" time="0" type="ASSERT" location="run_control_splitter_formal_tb.sv:211.21-211.52" id="_witness_.check_assert_run_control_splitter_formal_tb_sv_211_985">
<skipped />
</testcase>
<testcase classname="cover" name="Property ASSERT in run_control_splitter_formal_tb at run_control_splitter_formal_tb.sv:211.21-211.52" time="0" type="ASSERT" location="run_control_splitter_formal_tb.sv:211.21-211.52" id="_witness_.check_assert_run_control_splitter_formal_tb_sv_211_989">
<skipped />
</testcase>
<testcase classname="cover" name="Property ASSERT in run_control_splitter_formal_tb at run_control_splitter_formal_tb.sv:211.21-211.52" time="0" type="ASSERT" location="run_control_splitter_formal_tb.sv:211.21-211.52" id="_witness_.check_assert_run_control_splitter_formal_tb_sv_211_993">
<skipped />
</testcase>
<testcase classname="cover" name="Property ASSERT in run_control_splitter_formal_tb at run_control_splitter_formal_tb.sv:211.21-211.52" time="0" type="ASSERT" location="run_control_splitter_formal_tb.sv:211.21-211.52" id="_witness_.check_assert_run_control_splitter_formal_tb_sv_211_997">
<skipped />
</testcase>
<testcase classname="cover" name="Property COVER in run_control_splitter_formal_tb at run_control_splitter_formal_tb.sv:215.13-215.42" time="0" type="COVER" location="run_control_splitter_formal_tb.sv:215.13-215.42" id="_witness_.check_cover_run_control_splitter_formal_tb_sv_215_999" tracefile="engine_0/trace1.vcd">
</testcase>
<testcase classname="cover" name="Property COVER in run_control_splitter_formal_tb at run_control_splitter_formal_tb.sv:216.13-216.68" time="0" type="COVER" location="run_control_splitter_formal_tb.sv:216.13-216.68" id="_witness_.check_cover_run_control_splitter_formal_tb_sv_216_1001" tracefile="engine_0/trace0.vcd">
</testcase>
<testcase classname="cover" name="Property COVER in run_control_splitter_formal_tb at run_control_splitter_formal_tb.sv:217.13-217.68" time="0" type="COVER" location="run_control_splitter_formal_tb.sv:217.13-217.68" id="_witness_.check_cover_run_control_splitter_formal_tb_sv_217_1006" tracefile="engine_0/trace2.vcd">
</testcase>
<testcase classname="cover" name="Property COVER in run_control_splitter_formal_tb at run_control_splitter_formal_tb.sv:218.13-218.89" time="0" type="COVER" location="run_control_splitter_formal_tb.sv:218.13-218.89" id="_witness_.check_cover_run_control_splitter_formal_tb_sv_218_1011" tracefile="engine_0/trace3.vcd">
</testcase>
<system-out>SBY 15:22:51 [run_control_splitter_formal_cover] Removing directory '/home/yifeng/packages/mu3e_ip_dev/mu3e-ip-cores/firmware_builds/tb_int/INT_fe_scifi_v3-2026-04-17/formal/rc/run_control_splitter_formal_cover'.
SBY 15:22:51 [run_control_splitter_formal_cover] Copy '/home/yifeng/packages/mu3e_ip_dev/mu3e-ip-cores/firmware_builds/tb_int/INT_fe_scifi_v3-2026-04-17/formal/rc/../common/formal_defs.svh' to '/home/yifeng/packages/mu3e_ip_dev/mu3e-ip-cores/firmware_builds/tb_int/INT_fe_scifi_v3-2026-04-17/formal/rc/run_control_splitter_formal_cover/src/formal_defs.svh'.
SBY 15:22:51 [run_control_splitter_formal_cover] Copy '/home/yifeng/packages/mu3e_ip_dev/mu3e-ip-cores/firmware_builds/scifi_datapath_system_v3/synthesis/submodules/altera_avalon_st_splitter.sv' to '/home/yifeng/packages/mu3e_ip_dev/mu3e-ip-cores/firmware_builds/tb_int/INT_fe_scifi_v3-2026-04-17/formal/rc/run_control_splitter_formal_cover/src/altera_avalon_st_splitter.sv'.
SBY 15:22:51 [run_control_splitter_formal_cover] Copy '/home/yifeng/packages/mu3e_ip_dev/mu3e-ip-cores/firmware_builds/tb_int/INT_fe_scifi_v3-2026-04-17/formal/rc/run_control_splitter_formal_tb.sv' to '/home/yifeng/packages/mu3e_ip_dev/mu3e-ip-cores/firmware_builds/tb_int/INT_fe_scifi_v3-2026-04-17/formal/rc/run_control_splitter_formal_cover/src/run_control_splitter_formal_tb.sv'.
SBY 15:22:51 [run_control_splitter_formal_cover] engine_0: smtbmc z3
SBY 15:22:51 [run_control_splitter_formal_cover] base: starting process &quot;cd run_control_splitter_formal_cover/src; yosys -ql ../model/design.log ../model/design.ys&quot;
SBY 15:22:51 [run_control_splitter_formal_cover] base: Warning: Wire run_control_splitter_formal_tb.\gclk is used but has no driver.
SBY 15:22:51 [run_control_splitter_formal_cover] base: finished (returncode=0)
SBY 15:22:51 [run_control_splitter_formal_cover] prep: starting process &quot;cd run_control_splitter_formal_cover/model; yosys -ql design_prep.log design_prep.ys&quot;
SBY 15:22:51 [run_control_splitter_formal_cover] prep: Warning: Wire run_control_splitter_formal_tb.\gclk is used but has no driver.
SBY 15:22:51 [run_control_splitter_formal_cover] prep: finished (returncode=0)
SBY 15:22:51 [run_control_splitter_formal_cover] smt2: starting process &quot;cd run_control_splitter_formal_cover/model; yosys -ql design_smt2.log design_smt2.ys&quot;
SBY 15:22:52 [run_control_splitter_formal_cover] smt2: finished (returncode=0)
SBY 15:22:52 [run_control_splitter_formal_cover] engine_0: starting process &quot;cd run_control_splitter_formal_cover; yosys-smtbmc -s z3 --presat -c --noprogress -t 8  --append 0 --dump-vcd engine_0/trace%.vcd --dump-yw engine_0/trace%.yw --dump-vlogtb engine_0/trace%_tb.v --dump-smtc engine_0/trace%.smtc model/design_smt2.smt2&quot;
SBY 15:22:52 [run_control_splitter_formal_cover] engine_0: ##   0:00:00  Solver: z3
SBY 15:22:52 [run_control_splitter_formal_cover] engine_0: ##   0:00:00  Checking cover reachability in step 0..
SBY 15:22:52 [run_control_splitter_formal_cover] engine_0: ##   0:00:00  Checking cover reachability in step 1..
SBY 15:22:52 [run_control_splitter_formal_cover] engine_0: ##   0:00:00  Checking cover reachability in step 2..
SBY 15:22:52 [run_control_splitter_formal_cover] engine_0: ##   0:00:00  Reached cover statement in step 2 at run_control_splitter_formal_tb: run_control_splitter_formal_tb.sv:216.13-216.68 (_witness_.check_cover_run_control_splitter_formal_tb_sv_216_1001)
SBY 15:22:52 [run_control_splitter_formal_cover] engine_0: ##   0:00:00  Writing trace to VCD file: engine_0/trace0.vcd
SBY 15:22:52 [run_control_splitter_formal_cover] engine_0: ##   0:00:00  Writing trace to Verilog testbench: engine_0/trace0_tb.v
SBY 15:22:52 [run_control_splitter_formal_cover] engine_0: ##   0:00:00  Writing trace to constraints file: engine_0/trace0.smtc
SBY 15:22:52 [run_control_splitter_formal_cover] engine_0: ##   0:00:00  Writing trace to Yosys witness file: engine_0/trace0.yw
SBY 15:22:52 [run_control_splitter_formal_cover] engine_0: ##   0:00:00  Checking cover reachability in step 2..
SBY 15:22:52 [run_control_splitter_formal_cover] engine_0: ##   0:00:00  Reached cover statement in step 2 at run_control_splitter_formal_tb: run_control_splitter_formal_tb.sv:215.13-215.42 (_witness_.check_cover_run_control_splitter_formal_tb_sv_215_999)
SBY 15:22:52 [run_control_splitter_formal_cover] engine_0: ##   0:00:00  Writing trace to VCD file: engine_0/trace1.vcd
SBY 15:22:52 [run_control_splitter_formal_cover] engine_0: ##   0:00:00  Writing trace to Verilog testbench: engine_0/trace1_tb.v
SBY 15:22:52 [run_control_splitter_formal_cover] engine_0: ##   0:00:00  Writing trace to constraints file: engine_0/trace1.smtc
SBY 15:22:52 [run_control_splitter_formal_cover] engine_0: ##   0:00:00  Writing trace to Yosys witness file: engine_0/trace1.yw
SBY 15:22:52 [run_control_splitter_formal_cover] engine_0: ##   0:00:00  Checking cover reachability in step 2..
SBY 15:22:52 [run_control_splitter_formal_cover] engine_0: ##   0:00:00  Reached cover statement in step 2 at run_control_splitter_formal_tb: run_control_splitter_formal_tb.sv:217.13-217.68 (_witness_.check_cover_run_control_splitter_formal_tb_sv_217_1006)
SBY 15:22:52 [run_control_splitter_formal_cover] engine_0: ##   0:00:00  Writing trace to VCD file: engine_0/trace2.vcd
SBY 15:22:52 [run_control_splitter_formal_cover] engine_0: ##   0:00:00  Writing trace to Verilog testbench: engine_0/trace2_tb.v
SBY 15:22:52 [run_control_splitter_formal_cover] engine_0: ##   0:00:00  Writing trace to constraints file: engine_0/trace2.smtc
SBY 15:22:52 [run_control_splitter_formal_cover] engine_0: ##   0:00:00  Writing trace to Yosys witness file: engine_0/trace2.yw
SBY 15:22:52 [run_control_splitter_formal_cover] engine_0: ##   0:00:00  Checking cover reachability in step 2..
SBY 15:22:52 [run_control_splitter_formal_cover] engine_0: ##   0:00:00  Checking cover reachability in step 3..
SBY 15:22:52 [run_control_splitter_formal_cover] engine_0: ##   0:00:00  Reached cover statement in step 3 at run_control_splitter_formal_tb: run_control_splitter_formal_tb.sv:218.13-218.89 (_witness_.check_cover_run_control_splitter_formal_tb_sv_218_1011)
SBY 15:22:52 [run_control_splitter_formal_cover] engine_0: ##   0:00:00  Writing trace to VCD file: engine_0/trace3.vcd
SBY 15:22:52 [run_control_splitter_formal_cover] engine_0: ##   0:00:00  Writing trace to Verilog testbench: engine_0/trace3_tb.v
SBY 15:22:52 [run_control_splitter_formal_cover] engine_0: ##   0:00:00  Writing trace to constraints file: engine_0/trace3.smtc
SBY 15:22:52 [run_control_splitter_formal_cover] engine_0: ##   0:00:00  Writing trace to Yosys witness file: engine_0/trace3.yw
SBY 15:22:52 [run_control_splitter_formal_cover] engine_0: ##   0:00:00  Status: passed
SBY 15:22:52 [run_control_splitter_formal_cover] engine_0: finished (returncode=0)
SBY 15:22:52 [run_control_splitter_formal_cover] engine_0: Status returned by engine: pass
SBY 15:22:52 [run_control_splitter_formal_cover] summary: Elapsed clock time [H:MM:SS (secs)]: 0:00:00 (0)
SBY 15:22:52 [run_control_splitter_formal_cover] summary: Elapsed process time [H:MM:SS (secs)]: 0:00:00 (0)
SBY 15:22:52 [run_control_splitter_formal_cover] summary: engine_0 (smtbmc z3) returned pass
SBY 15:22:52 [run_control_splitter_formal_cover] summary: cover trace: run_control_splitter_formal_cover/engine_0/trace0.vcd
SBY 15:22:52 [run_control_splitter_formal_cover] summary:   reached cover statement run_control_splitter_formal_tb._witness_.check_cover_run_control_splitter_formal_tb_sv_216_1001 at run_control_splitter_formal_tb.sv:216.13-216.68 step 2
SBY 15:22:52 [run_control_splitter_formal_cover] summary: cover trace: run_control_splitter_formal_cover/engine_0/trace1.vcd
SBY 15:22:52 [run_control_splitter_formal_cover] summary:   reached cover statement run_control_splitter_formal_tb._witness_.check_cover_run_control_splitter_formal_tb_sv_215_999 at run_control_splitter_formal_tb.sv:215.13-215.42 step 2
SBY 15:22:52 [run_control_splitter_formal_cover] summary: cover trace: run_control_splitter_formal_cover/engine_0/trace2.vcd
SBY 15:22:52 [run_control_splitter_formal_cover] summary:   reached cover statement run_control_splitter_formal_tb._witness_.check_cover_run_control_splitter_formal_tb_sv_217_1006 at run_control_splitter_formal_tb.sv:217.13-217.68 step 2
SBY 15:22:52 [run_control_splitter_formal_cover] summary: cover trace: run_control_splitter_formal_cover/engine_0/trace3.vcd
SBY 15:22:52 [run_control_splitter_formal_cover] summary:   reached cover statement run_control_splitter_formal_tb._witness_.check_cover_run_control_splitter_formal_tb_sv_218_1011 at run_control_splitter_formal_tb.sv:218.13-218.89 step 3
SBY 15:22:52 [run_control_splitter_formal_cover] DONE (PASS, rc=0)
</system-out>
<system-err>
</system-err>
</testsuite>
</testsuites>
